Determining if the pthread_create exist failed with the following output:
Change Dir: /home/omar/Documents/cpp/slam/eigen/build/CMakeFiles/CMakeTmp

Run Build Command:"/usr/bin/make" "cmTC_1e14f/fast"
/usr/bin/make -f CMakeFiles/cmTC_1e14f.dir/build.make CMakeFiles/cmTC_1e14f.dir/build
make[1]: Entering directory '/home/omar/Documents/cpp/slam/eigen/build/CMakeFiles/CMakeTmp'
Building C object CMakeFiles/cmTC_1e14f.dir/CheckSymbolExists.c.o
/usr/bin/cc     -o CMakeFiles/cmTC_1e14f.dir/CheckSymbolExists.c.o   -c /home/omar/Documents/cpp/slam/eigen/build/CMakeFiles/CMakeTmp/CheckSymbolExists.c
Linking C executable cmTC_1e14f
/usr/bin/cmake -E cmake_link_script CMakeFiles/cmTC_1e14f.dir/link.txt --verbose=1
/usr/bin/cc       CMakeFiles/cmTC_1e14f.dir/CheckSymbolExists.c.o  -o cmTC_1e14f 
CMakeFiles/cmTC_1e14f.dir/CheckSymbolExists.c.o: In function `main':
CheckSymbolExists.c:(.text+0x16): undefined reference to `pthread_create'
collect2: error: ld returned 1 exit status
CMakeFiles/cmTC_1e14f.dir/build.make:97: recipe for target 'cmTC_1e14f' failed
make[1]: *** [cmTC_1e14f] Error 1
make[1]: Leaving directory '/home/omar/Documents/cpp/slam/eigen/build/CMakeFiles/CMakeTmp'
Makefile:126: recipe for target 'cmTC_1e14f/fast' failed
make: *** [cmTC_1e14f/fast] Error 2

File /home/omar/Documents/cpp/slam/eigen/build/CMakeFiles/CMakeTmp/CheckSymbolExists.c:
/* */
#include <pthread.h>

int main(int argc, char** argv)
{
  (void)argv;
#ifndef pthread_create
  return ((int*)(&pthread_create))[argc];
#else
  (void)argc;
  return 0;
#endif
}

